2021-12-05 10:19:05,458 - root - INFO - Initialising :: RUDP_client_MIMD
2021-12-05 10:19:09,970 - root - INFO - -1:ACK:-1
2021-12-05 10:19:11,972 - root - INFO - Connection Established from server
2021-12-05 10:19:11,972 - root - INFO - Connection established
2021-12-05 10:19:12,262 - root - INFO - Total segments :: 15701
2021-12-05 10:19:12,767 - root - INFO - 0:1024
2021-12-05 10:19:12,804 - root - INFO - waitNACK-['NACK3', '4']
2021-12-05 10:19:12,804 - root - INFO - 4:2048
2021-12-05 10:19:13,310 - root - INFO - 4:2048
2021-12-05 10:19:13,851 - root - INFO - waitNACK-['NACK3', '38']
2021-12-05 10:19:13,851 - root - INFO - 38:4096
2021-12-05 10:19:14,393 - root - INFO - 38:4096
2021-12-05 10:19:14,891 - root - INFO - waitNACK-['NACK3', '64']
2021-12-05 10:19:14,891 - root - INFO - 64:8192
2021-12-05 10:19:15,564 - root - INFO - 64:8192
2021-12-05 10:19:15,750 - root - INFO - waitNACK-['NACK3', '328']
2021-12-05 10:19:15,750 - root - INFO - 328:16384
2021-12-05 10:19:16,284 - root - INFO - waitNACK-['NACK3', '388']
2021-12-05 10:19:16,284 - root - INFO - 388:32768
2021-12-05 10:19:16,976 - root - INFO - waitNACK-['NACK3', '403']
2021-12-05 10:19:16,976 - root - INFO - 403:50000
2021-12-05 10:19:17,874 - root - INFO - 403:50000
2021-12-05 10:19:18,512 - root - INFO - waitNACK-['NACK3', '403']
2021-12-05 10:19:18,512 - root - INFO - 403:50000
2021-12-05 10:19:19,062 - root - INFO - waitNACK-['NACK3', '571']
2021-12-05 10:19:19,063 - root - INFO - 571:50000
2021-12-05 10:19:19,776 - root - INFO - waitNACK-['NACK3', '684']
2021-12-05 10:19:19,776 - root - INFO - 684:50000
2021-12-05 10:19:20,372 - root - INFO - waitNACK-['NACK3', '686']
2021-12-05 10:19:20,372 - root - INFO - 686:50000
2021-12-05 10:19:21,060 - root - INFO - 686:50000
2021-12-05 10:19:21,758 - root - INFO - 686:50000
2021-12-05 10:19:22,373 - root - INFO - waitNACK-['NACK3', '937']
2021-12-05 10:19:22,374 - root - INFO - 937:50000
2021-12-05 10:19:22,874 - root - INFO - waitNACK-['NACK3', '937']
2021-12-05 10:19:22,874 - root - INFO - 937:50000
2021-12-05 10:19:23,473 - root - INFO - waitNACK-['NACK3', '1010']
2021-12-05 10:19:23,473 - root - INFO - 1010:50000
2021-12-05 10:19:23,974 - root - INFO - waitNACK-['NACK3', '1010']
2021-12-05 10:19:23,974 - root - INFO - 1010:50000
2021-12-05 10:19:24,771 - root - INFO - 1010:50000
2021-12-05 10:19:25,394 - root - INFO - waitNACK-['NACK3', '1192']
2021-12-05 10:19:25,394 - root - INFO - 1192:50000
2021-12-05 10:19:25,972 - root - INFO - waitNACK-['NACK3', '1307']
2021-12-05 10:19:25,972 - root - INFO - 1307:50000
2021-12-05 10:19:26,473 - root - INFO - waitNACK-['NACK3', '1307']
2021-12-05 10:19:26,473 - root - INFO - 1307:50000
2021-12-05 10:19:26,975 - root - INFO - waitNACK-['NACK3', '1307']
2021-12-05 10:19:26,975 - root - INFO - 1307:50000
2021-12-05 10:19:27,666 - root - INFO - 1307:50000
2021-12-05 10:19:28,490 - root - INFO - 1307:50000
2021-12-05 10:19:29,258 - root - INFO - 1307:50000
2021-12-05 10:19:30,052 - root - INFO - 1307:50000
2021-12-05 10:19:30,762 - root - INFO - 1307:50000
2021-12-05 10:19:31,161 - root - INFO - waitNACK-['NACK3', '1651']
2021-12-05 10:19:31,161 - root - INFO - 1651:50000
2021-12-05 10:19:31,670 - root - INFO - waitNACK-['NACK3', '1651']
2021-12-05 10:19:31,670 - root - INFO - 1651:50000
2021-12-05 10:19:32,557 - root - INFO - 1651:50000
2021-12-05 10:19:33,264 - root - INFO - 1651:50000
2021-12-05 10:19:34,279 - root - INFO - 1651:50000
2021-12-05 10:19:34,989 - root - INFO - waitNACK-['NACK3', '1728']
2021-12-05 10:19:34,989 - root - INFO - 1728:50000
2021-12-05 10:19:35,889 - root - INFO - 1728:50000
2021-12-05 10:19:36,571 - root - INFO - waitNACK-['NACK3', '2005']
2021-12-05 10:19:36,571 - root - INFO - 2005:50000
2021-12-05 10:19:37,143 - root - INFO - waitNACK-['NACK3', '2081']
2021-12-05 10:19:37,143 - root - INFO - 2081:50000
2021-12-05 10:19:37,682 - root - INFO - waitNACK-['NACK3', '2113']
2021-12-05 10:19:37,682 - root - INFO - 2113:50000
2021-12-05 10:19:38,210 - root - INFO - waitNACK-['NACK3', '2123']
2021-12-05 10:19:38,210 - root - INFO - 2123:50000
2021-12-05 10:19:38,768 - root - INFO - waitNACK-['NACK3', '2149']
2021-12-05 10:19:38,769 - root - INFO - 2149:50000
2021-12-05 10:19:39,283 - root - INFO - waitNACK-['NACK3', '2149']
2021-12-05 10:19:39,284 - root - INFO - 2149:50000
2021-12-05 10:19:39,954 - root - INFO - 2149:50000
2021-12-05 10:19:40,594 - root - INFO - waitNACK-['NACK3', '2445']
2021-12-05 10:19:40,595 - root - INFO - 2445:50000
2021-12-05 10:19:41,122 - root - INFO - waitNACK-['NACK3', '2474']
2021-12-05 10:19:41,122 - root - INFO - 2474:50000
2021-12-05 10:19:41,862 - root - INFO - 2474:50000
2021-12-05 10:19:42,483 - root - INFO - waitNACK-['NACK3', '2760']
2021-12-05 10:19:42,483 - root - INFO - 2760:50000
2021-12-05 10:19:43,162 - root - INFO - 2760:50000
2021-12-05 10:19:44,159 - root - INFO - 2760:50000
2021-12-05 10:19:44,877 - root - INFO - 2760:50000
2021-12-05 10:19:45,360 - root - INFO - waitNACK-['NACK3', '2961']
2021-12-05 10:19:45,360 - root - INFO - 2961:50000
2021-12-05 10:19:45,793 - root - INFO - waitNACK-['NACK3', '2961']
2021-12-05 10:19:45,793 - root - INFO - 2961:50000
2021-12-05 10:19:46,373 - root - INFO - waitNACK-['NACK3', '3119']
2021-12-05 10:19:46,373 - root - INFO - 3119:50000
2021-12-05 10:19:46,874 - root - INFO - waitNACK-['NACK3', '3119']
2021-12-05 10:19:46,874 - root - INFO - 3119:50000
2021-12-05 10:19:47,400 - root - INFO - waitNACK-['NACK3', '3211']
2021-12-05 10:19:47,400 - root - INFO - 3211:50000
2021-12-05 10:19:48,056 - root - INFO - 3211:50000
2021-12-05 10:19:48,661 - root - INFO - waitNACK-['NACK3', '3408']
2021-12-05 10:19:48,661 - root - INFO - 3408:50000
2021-12-05 10:19:49,284 - root - INFO - waitNACK-['NACK3', '3510']
2021-12-05 10:19:49,285 - root - INFO - 3510:50000
2021-12-05 10:19:49,821 - root - INFO - waitNACK-['NACK3', '3517']
2021-12-05 10:19:49,822 - root - INFO - 3517:50000
2021-12-05 10:19:50,564 - root - INFO - 3517:50000
2021-12-05 10:19:50,888 - root - INFO - waitNACK-['NACK3', '3529']
2021-12-05 10:19:50,888 - root - INFO - 3529:50000
2021-12-05 10:19:51,473 - root - INFO - waitNACK-['NACK3', '3529']
2021-12-05 10:19:51,473 - root - INFO - 3529:50000
2021-12-05 10:19:51,979 - root - INFO - waitNACK-['NACK3', '3529']
2021-12-05 10:19:51,979 - root - INFO - 3529:50000
2021-12-05 10:19:52,480 - root - INFO - waitNACK-['NACK3', '3529']
2021-12-05 10:19:52,480 - root - INFO - 3529:50000
2021-12-05 10:19:52,988 - root - INFO - waitNACK-['NACK3', '3529']
2021-12-05 10:19:52,988 - root - INFO - 3529:50000
2021-12-05 10:19:53,588 - root - INFO - waitNACK-['NACK3', '3756']
2021-12-05 10:19:53,588 - root - INFO - 3756:50000
2021-12-05 10:19:54,160 - root - INFO - waitNACK-['NACK3', '3756']
2021-12-05 10:19:54,160 - root - INFO - 3756:50000
2021-12-05 10:19:54,863 - root - INFO - 3756:50000
2021-12-05 10:19:55,061 - root - INFO - waitNACK-['NACK3', '4067']
2021-12-05 10:19:55,150 - root - INFO - 4067:50000
2021-12-05 10:19:55,865 - root - INFO - 4067:50000
2021-12-05 10:19:56,762 - root - INFO - 4067:50000
2021-12-05 10:19:57,553 - root - INFO - 4067:50000
2021-12-05 10:19:57,870 - root - INFO - waitNACK-['NACK3', '4250']
2021-12-05 10:19:57,871 - root - INFO - 4250:50000
2021-12-05 10:19:58,562 - root - INFO - waitNACK-['NACK3', '4351']
2021-12-05 10:19:58,562 - root - INFO - 4351:50000
2021-12-05 10:19:59,069 - root - INFO - waitNACK-['NACK3', '4351']
2021-12-05 10:19:59,069 - root - INFO - 4351:50000
2021-12-05 10:19:59,593 - root - INFO - waitNACK-['NACK3', '4557']
2021-12-05 10:19:59,593 - root - INFO - 4557:50000
2021-12-05 10:20:00,093 - root - INFO - waitNACK-['NACK3', '4557']
2021-12-05 10:20:00,093 - root - INFO - 4557:50000
2021-12-05 10:20:00,619 - root - INFO - waitNACK-['NACK3', '4585']
2021-12-05 10:20:00,620 - root - INFO - 4585:50000
2021-12-05 10:20:01,260 - root - INFO - 4585:50000
2021-12-05 10:20:01,908 - root - INFO - waitNACK-['NACK3', '4828']
2021-12-05 10:20:01,908 - root - INFO - 4828:50000
2021-12-05 10:20:02,562 - root - INFO - 4828:50000
2021-12-05 10:20:03,353 - root - INFO - 4828:50000
2021-12-05 10:20:04,058 - root - INFO - 4828:50000
2021-12-05 10:20:04,583 - root - INFO - waitNACK-['NACK3', '5161']
2021-12-05 10:20:04,588 - root - INFO - 5161:50000
2021-12-05 10:20:04,770 - root - INFO - waitNACK-['NACK3', '5161']
2021-12-05 10:20:04,850 - root - INFO - 5161:50000
2021-12-05 10:20:05,485 - root - INFO - 5161:50000
2021-12-05 10:20:06,287 - root - INFO - 5161:50000
2021-12-05 10:20:06,957 - root - INFO - 5161:50000
2021-12-05 10:20:07,676 - root - INFO - 5161:50000
2021-12-05 10:20:07,873 - root - INFO - waitNACK-['NACK3', '5369']
2021-12-05 10:20:07,950 - root - INFO - 5369:50000
2021-12-05 10:20:08,303 - root - INFO - waitNACK-['NACK3', '5369']
2021-12-05 10:20:08,303 - root - INFO - 5369:50000
2021-12-05 10:20:08,956 - root - INFO - 5369:50000
2021-12-05 10:20:09,659 - root - INFO - 5369:50000
2021-12-05 10:20:10,280 - root - INFO - 5369:50000
2021-12-05 10:20:10,983 - root - INFO - 5369:50000
2021-12-05 10:20:11,382 - root - INFO - waitNACK-['NACK3', '5769']
2021-12-05 10:20:11,382 - root - INFO - 5769:50000
2021-12-05 10:20:12,057 - root - INFO - 5769:50000
2021-12-05 10:20:12,603 - root - INFO - waitNACK-['NACK3', '5805']
2021-12-05 10:20:12,603 - root - INFO - 5805:50000
2021-12-05 10:20:13,257 - root - INFO - 5805:50000
2021-12-05 10:20:13,951 - root - INFO - 5805:50000
2021-12-05 10:20:14,293 - root - INFO - waitNACK-['NACK3', '5979']
2021-12-05 10:20:14,294 - root - INFO - 5979:50000
2021-12-05 10:20:14,892 - root - INFO - waitNACK-['NACK3', '6074']
2021-12-05 10:20:14,892 - root - INFO - 6074:50000
2021-12-05 10:20:15,393 - root - INFO - waitNACK-['NACK3', '6074']
2021-12-05 10:20:15,393 - root - INFO - 6074:50000
2021-12-05 10:20:16,063 - root - INFO - 6074:50000
2021-12-05 10:20:16,603 - root - INFO - waitNACK-['NACK3', '6446']
2021-12-05 10:20:16,604 - root - INFO - 6446:50000
2021-12-05 10:20:17,136 - root - INFO - waitNACK-['NACK3', '6476']
2021-12-05 10:20:17,136 - root - INFO - 6476:50000
2021-12-05 10:20:17,680 - root - INFO - waitNACK-['NACK3', '6497']
2021-12-05 10:20:17,680 - root - INFO - 6497:50000
2021-12-05 10:20:18,360 - root - INFO - 6497:50000
2021-12-05 10:20:19,068 - root - INFO - 6497:50000
2021-12-05 10:20:19,368 - root - INFO - waitNACK-['NACK3', '6887']
2021-12-05 10:20:19,368 - root - INFO - 6887:50000
2021-12-05 10:20:19,964 - root - INFO - waitNACK-['NACK3', '6887']
2021-12-05 10:20:19,964 - root - INFO - 6887:50000
2021-12-05 10:20:20,464 - root - INFO - waitNACK-['NACK3', '6887']
2021-12-05 10:20:20,465 - root - INFO - 6887:50000
2021-12-05 10:20:21,071 - root - INFO - 6887:50000
2021-12-05 10:20:21,256 - root - INFO - waitNACK-['NACK3', '7289']
2021-12-05 10:20:21,274 - root - INFO - 7289:50000
2021-12-05 10:20:21,666 - root - INFO - waitNACK-['NACK3', '7289']
2021-12-05 10:20:21,666 - root - INFO - 7289:50000
2021-12-05 10:20:22,262 - root - INFO - 7289:50000
2021-12-05 10:20:22,763 - root - INFO - waitNACK-['NACK3', '7289']
2021-12-05 10:20:22,763 - root - INFO - 7289:50000
2021-12-05 10:20:23,366 - root - INFO - 7289:50000
2021-12-05 10:20:23,554 - root - INFO - waitNACK-['NACK3', '7400']
2021-12-05 10:20:23,568 - root - INFO - 7400:50000
2021-12-05 10:20:23,921 - root - INFO - waitNACK-['NACK3', '7596']
2021-12-05 10:20:23,922 - root - INFO - 7596:50000
2021-12-05 10:20:24,456 - root - INFO - waitNACK-['NACK3', '7614']
2021-12-05 10:20:24,456 - root - INFO - 7614:50000
2021-12-05 10:20:24,957 - root - INFO - waitNACK-['NACK3', '7614']
2021-12-05 10:20:24,958 - root - INFO - 7614:50000
2021-12-05 10:20:25,600 - root - INFO - 7614:50000
2021-12-05 10:20:25,789 - root - INFO - waitNACK-['NACK3', '8020']
2021-12-05 10:20:25,790 - root - INFO - 8020:50000
2021-12-05 10:20:26,291 - root - INFO - waitNACK-['NACK3', '8020']
2021-12-05 10:20:26,292 - root - INFO - 8020:50000
2021-12-05 10:20:26,796 - root - INFO - waitNACK-['NACK3', '8020']
2021-12-05 10:20:26,796 - root - INFO - 8020:50000
2021-12-05 10:20:27,343 - root - INFO - waitNACK-['NACK3', '8114']
2021-12-05 10:20:27,343 - root - INFO - 8114:50000
2021-12-05 10:20:27,962 - root - INFO - 8114:50000
2021-12-05 10:20:28,587 - root - INFO - 8114:50000
2021-12-05 10:20:28,678 - root - INFO - waitNACK-['NACK3', '8415']
2021-12-05 10:20:28,684 - root - INFO - 8415:50000
2021-12-05 10:20:29,091 - root - INFO - waitNACK-['NACK3', '8415']
2021-12-05 10:20:29,091 - root - INFO - 8415:50000
2021-12-05 10:20:29,591 - root - INFO - waitNACK-['NACK3', '8415']
2021-12-05 10:20:29,592 - root - INFO - 8415:50000
2021-12-05 10:20:30,093 - root - INFO - waitNACK-['NACK3', '8415']
2021-12-05 10:20:30,093 - root - INFO - 8415:50000
2021-12-05 10:20:30,599 - root - INFO - waitNACK-['NACK3', '8415']
2021-12-05 10:20:30,599 - root - INFO - 8415:50000
2021-12-05 10:20:31,168 - root - INFO - 8415:50000
2021-12-05 10:20:31,861 - root - INFO - 8415:50000
2021-12-05 10:20:32,556 - root - INFO - 8415:50000
2021-12-05 10:20:33,167 - root - INFO - 8415:50000
2021-12-05 10:20:33,297 - root - INFO - waitNACK-['NACK3', '8812']
2021-12-05 10:20:33,297 - root - INFO - 8812:50000
2021-12-05 10:20:34,051 - root - INFO - 8812:50000
2021-12-05 10:20:34,605 - root - INFO - waitNACK-['NACK3', '8874']
2021-12-05 10:20:34,605 - root - INFO - 8874:50000
2021-12-05 10:20:35,106 - root - INFO - waitNACK-['NACK3', '8874']
2021-12-05 10:20:35,106 - root - INFO - 8874:50000
2021-12-05 10:20:35,607 - root - INFO - waitNACK-['NACK3', '8874']
2021-12-05 10:20:35,608 - root - INFO - 8874:50000
2021-12-05 10:20:36,108 - root - INFO - waitNACK-['NACK3', '8874']
2021-12-05 10:20:36,108 - root - INFO - 8874:50000
2021-12-05 10:20:36,638 - root - INFO - waitNACK-['NACK3', '9385']
2021-12-05 10:20:36,639 - root - INFO - 9385:50000
2021-12-05 10:20:37,166 - root - INFO - waitNACK-['NACK3', '9395']
2021-12-05 10:20:37,166 - root - INFO - 9395:50000
2021-12-05 10:20:37,693 - root - INFO - waitNACK-['NACK3', '9611']
2021-12-05 10:20:37,693 - root - INFO - 9611:50000
2021-12-05 10:20:38,295 - root - INFO - 9611:50000
2021-12-05 10:20:38,893 - root - INFO - 9611:50000
2021-12-05 10:20:39,471 - root - INFO - waitNACK-['NACK3', '10077']
2021-12-05 10:20:39,472 - root - INFO - 10077:50000
2021-12-05 10:20:40,028 - root - INFO - 10077:50000
2021-12-05 10:20:40,587 - root - INFO - 10077:50000
2021-12-05 10:20:41,054 - root - INFO - waitNACK-['NACK3', '10079']
2021-12-05 10:20:41,054 - root - INFO - 10079:50000
2021-12-05 10:20:41,755 - root - INFO - 10079:50000
2021-12-05 10:20:42,307 - root - INFO - 10079:50000
2021-12-05 10:20:42,896 - root - INFO - 10079:50000
2021-12-05 10:20:43,555 - root - INFO - 10079:50000
2021-12-05 10:20:43,975 - root - INFO - waitNACK-['NACK3', '10507']
2021-12-05 10:20:43,975 - root - INFO - 10507:50000
2021-12-05 10:20:44,501 - root - INFO - waitNACK-['NACK3', '10679']
2021-12-05 10:20:44,502 - root - INFO - 10679:50000
2021-12-05 10:20:45,084 - root - INFO - 10679:50000
2021-12-05 10:20:45,281 - root - INFO - waitNACK-['NACK3', '10933']
2021-12-05 10:20:45,281 - root - INFO - 10933:50000
2021-12-05 10:20:45,808 - root - INFO - 10933:50000
2021-12-05 10:20:46,355 - root - INFO - waitNACK-['NACK3', '11333']
2021-12-05 10:20:46,355 - root - INFO - 11333:50000
2021-12-05 10:20:46,968 - root - INFO - 11333:50000
2021-12-05 10:20:47,565 - root - INFO - 11333:50000
2021-12-05 10:20:48,170 - root - INFO - 11333:50000
2021-12-05 10:20:48,712 - root - INFO - 11333:50000
2021-12-05 10:20:48,822 - root - INFO - waitNACK-['NACK3', '11850']
2021-12-05 10:20:48,822 - root - INFO - 11850:50000
2021-12-05 10:20:49,452 - root - INFO - 11850:50000
2021-12-05 10:20:50,063 - root - INFO - 11850:50000
2021-12-05 10:20:50,483 - root - INFO - waitNACK-['NACK3', '12847']
2021-12-05 10:20:50,483 - root - INFO - 12847:50000
2021-12-05 10:20:50,990 - root - INFO - 12847:50000
2021-12-05 10:20:51,484 - root - INFO - waitNACK-['NACK3', '12847']
2021-12-05 10:20:51,484 - root - INFO - 12847:50000
2021-12-05 10:20:51,985 - root - INFO - waitNACK-['NACK3', '12847']
2021-12-05 10:20:51,985 - root - INFO - 12847:50000
2021-12-05 10:20:52,493 - root - INFO - 12847:50000
2021-12-05 10:20:52,544 - root - INFO - waitNACK-['NACK3', '13486']
2021-12-05 10:20:52,546 - root - INFO - 13486:50000
2021-12-05 10:20:53,024 - root - INFO - waitNACK-['NACK3', '13486']
2021-12-05 10:20:53,024 - root - INFO - 13486:50000
2021-12-05 10:20:53,547 - root - INFO - 13486:50000
2021-12-05 10:20:53,679 - root - INFO - waitNACK-['NACK3', '13702']
2021-12-05 10:20:53,679 - root - INFO - 13702:50000
2021-12-05 10:20:54,184 - root - INFO - 13702:50000
2021-12-05 10:20:54,713 - root - INFO - 13702:50000
2021-12-05 10:20:54,885 - root - INFO - waitNACK-['NACK3', '14158']
2021-12-05 10:20:54,885 - root - INFO - 14158:50000
2021-12-05 10:20:55,389 - root - INFO - 14158:50000
2021-12-05 10:20:55,895 - root - INFO - 14158:50000
2021-12-05 10:20:55,921 - root - INFO - waitNACK-['NACK3', '14180']
2021-12-05 10:20:55,921 - root - INFO - 14180:50000
2021-12-05 10:20:56,421 - root - INFO - waitNACK-['NACK3', '14180']
2021-12-05 10:20:56,421 - root - INFO - 14180:50000
2021-12-05 10:20:56,925 - root - INFO - 14180:50000
2021-12-05 10:20:57,437 - root - INFO - 14180:50000
2021-12-05 10:20:57,482 - root - INFO - waitNACK-['NACK3', '14939']
2021-12-05 10:20:57,483 - root - INFO - 14939:50000
2021-12-05 10:20:57,978 - root - INFO - waitNACK-['NACK3', '14939']
2021-12-05 10:20:57,978 - root - INFO - 14939:50000
2021-12-05 10:20:58,480 - root - INFO - 14939:50000
2021-12-05 10:20:58,985 - root - INFO - 14939:50000
2021-12-05 10:20:59,513 - root - INFO - 14939:50000
2021-12-05 10:21:00,036 - root - INFO - 14939:50000
2021-12-05 10:21:00,179 - root - INFO - waitNACK-['NACK3', '15419']
2021-12-05 10:21:00,179 - root - INFO - 15419:50000
2021-12-05 10:21:00,681 - root - INFO - 15419:50000
2021-12-05 10:21:00,787 - root - INFO - waitNACK-['NACK3', '15605']
2021-12-05 10:21:00,787 - root - INFO - 15605:50000
2021-12-05 10:21:01,289 - root - INFO - 15605:50000
2021-12-05 10:21:01,791 - root - INFO - 15605:50000
2021-12-05 10:21:01,875 - root - INFO - waitNACK-['NACK3', '15701']
2021-12-05 10:21:01,875 - root - INFO - Sending complete in time:: 113.90841445200022
