2021-12-05 11:16:23,754 - root - INFO - Initialising :: RUDP_client3
2021-12-05 11:16:28,263 - root - INFO - ACK:-1:-1
2021-12-05 11:16:30,266 - root - INFO - Connection Established from server
2021-12-05 11:16:30,267 - root - INFO - Connection established
2021-12-05 11:16:30,955 - root - INFO - Total segments :: 15701
2021-12-05 11:16:31,461 - root - INFO - 0:1024
2021-12-05 11:16:31,461 - root - INFO - 0:1024
2021-12-05 11:16:31,971 - root - INFO - 0:1024
2021-12-05 11:16:31,972 - root - INFO - 0:1024
2021-12-05 11:16:32,278 - root - INFO - NACK-24
2021-12-05 11:16:33,571 - root - INFO - NACK:71:24
2021-12-05 11:16:33,571 - root - INFO - 0:1024
2021-12-05 11:16:33,572 - root - INFO - 24:1024
2021-12-05 11:16:33,918 - root - INFO - NACK-156
2021-12-05 11:16:34,208 - root - INFO - NACK:239:156
2021-12-05 11:16:34,208 - root - INFO - 24:1024
2021-12-05 11:16:34,208 - root - INFO - 156:1024
2021-12-05 11:16:34,498 - root - INFO - NACK-261
2021-12-05 11:16:34,751 - root - INFO - NACK:261:261
2021-12-05 11:16:35,003 - root - INFO - NACK:261:261
2021-12-05 11:16:35,506 - root - INFO - NACK:261:261
2021-12-05 11:16:35,787 - root - INFO - NACK:278:261
2021-12-05 11:16:35,787 - root - INFO - 156:1024
2021-12-05 11:16:35,787 - root - INFO - 261:1024
2021-12-05 11:16:36,289 - root - INFO - NACK-278
2021-12-05 11:16:36,539 - root - INFO - NACK:278:278
2021-12-05 11:16:37,834 - root - INFO - NACK:294:278
2021-12-05 11:16:37,834 - root - INFO - 261:1024
2021-12-05 11:16:37,834 - root - INFO - 278:1024
2021-12-05 11:16:38,341 - root - INFO - 278:1024
2021-12-05 11:16:38,341 - root - INFO - 278:1024
2021-12-05 11:16:38,818 - root - INFO - NACK-511
2021-12-05 11:16:39,072 - root - INFO - NACK:511:511
2021-12-05 11:16:39,320 - root - INFO - NACK:511:511
2021-12-05 11:16:39,593 - root - INFO - NACK:523:511
2021-12-05 11:16:39,593 - root - INFO - 278:1024
2021-12-05 11:16:39,593 - root - INFO - 511:1024
2021-12-05 11:16:39,861 - root - INFO - NACK-523
2021-12-05 11:16:40,115 - root - INFO - NACK:523:523
2021-12-05 11:16:40,367 - root - INFO - NACK:523:523
2021-12-05 11:16:40,645 - root - INFO - NACK:555:523
2021-12-05 11:16:40,648 - root - INFO - 511:1024
2021-12-05 11:16:40,649 - root - INFO - 523:1024
2021-12-05 11:16:40,896 - root - INFO - NACK-555
2021-12-05 11:16:41,173 - root - INFO - NACK:641:555
2021-12-05 11:16:41,174 - root - INFO - 523:1024
2021-12-05 11:16:41,174 - root - INFO - 555:1024
2021-12-05 11:16:41,685 - root - INFO - 555:1024
2021-12-05 11:16:41,685 - root - INFO - 555:1024
2021-12-05 11:16:42,017 - root - INFO - NACK-844
2021-12-05 11:16:42,794 - root - INFO - NACK:879:844
2021-12-05 11:16:42,795 - root - INFO - 555:1024
2021-12-05 11:16:42,795 - root - INFO - 844:1024
2021-12-05 11:16:43,304 - root - INFO - 844:1024
2021-12-05 11:16:43,305 - root - INFO - 844:1024
2021-12-05 11:16:43,354 - root - INFO - NACK-879
2021-12-05 11:16:44,363 - root - INFO - NACK:930:879
2021-12-05 11:16:44,363 - root - INFO - 844:1024
2021-12-05 11:16:44,363 - root - INFO - 879:1024
2021-12-05 11:16:44,870 - root - INFO - 879:1024
2021-12-05 11:16:44,870 - root - INFO - 879:1024
2021-12-05 11:16:45,060 - root - INFO - NACK-1034
2021-12-05 11:16:45,585 - root - INFO - NACK:1150:1034
2021-12-05 11:16:45,585 - root - INFO - 879:1024
2021-12-05 11:16:45,585 - root - INFO - 1034:1024
2021-12-05 11:16:46,093 - root - INFO - NACK-1150
2021-12-05 11:16:46,868 - root - INFO - NACK:1152:1150
2021-12-05 11:16:46,868 - root - INFO - 1034:1024
2021-12-05 11:16:46,868 - root - INFO - 1150:1024
2021-12-05 11:16:47,238 - root - INFO - NACK-1301
2021-12-05 11:16:47,512 - root - INFO - NACK:1309:1301
2021-12-05 11:16:47,512 - root - INFO - 1150:1024
2021-12-05 11:16:47,512 - root - INFO - 1301:1024
2021-12-05 11:16:48,017 - root - INFO - 1301:1024
2021-12-05 11:16:48,017 - root - INFO - 1301:1024
2021-12-05 11:16:48,040 - root - INFO - NACK-1309
2021-12-05 11:16:48,273 - root - INFO - NACK:1309:1309
2021-12-05 11:16:49,309 - root - INFO - NACK:1390:1309
2021-12-05 11:16:49,309 - root - INFO - 1301:1024
2021-12-05 11:16:49,309 - root - INFO - 1309:1024
2021-12-05 11:16:49,570 - root - INFO - NACK-1390
2021-12-05 11:16:49,845 - root - INFO - NACK:1400:1390
2021-12-05 11:16:49,846 - root - INFO - 1309:1024
2021-12-05 11:16:49,846 - root - INFO - 1390:1024
2021-12-05 11:16:50,353 - root - INFO - 1390:1024
2021-12-05 11:16:50,354 - root - INFO - 1390:1024
2021-12-05 11:16:50,862 - root - INFO - 1390:1024
2021-12-05 11:16:50,862 - root - INFO - 1390:1024
2021-12-05 11:16:51,083 - root - INFO - NACK-1799
2021-12-05 11:16:51,372 - root - INFO - NACK:1888:1799
2021-12-05 11:16:51,373 - root - INFO - 1390:1024
2021-12-05 11:16:51,373 - root - INFO - 1799:1024
2021-12-05 11:16:51,879 - root - INFO - 1799:1024
2021-12-05 11:16:51,879 - root - INFO - 1799:1024
2021-12-05 11:16:52,132 - root - INFO - NACK-1888
2021-12-05 11:16:52,656 - root - INFO - NACK:1912:1888
2021-12-05 11:16:52,656 - root - INFO - 1799:1024
2021-12-05 11:16:52,656 - root - INFO - 1888:1024
2021-12-05 11:16:52,943 - root - INFO - NACK-1936
2021-12-05 11:16:53,228 - root - INFO - NACK:2014:1936
2021-12-05 11:16:53,228 - root - INFO - 1888:1024
2021-12-05 11:16:53,229 - root - INFO - 1936:1024
2021-12-05 11:16:53,518 - root - INFO - NACK-2029
2021-12-05 11:16:54,056 - root - INFO - NACK:2125:2029
2021-12-05 11:16:54,056 - root - INFO - 1936:1024
2021-12-05 11:16:54,056 - root - INFO - 2029:1024
2021-12-05 11:16:54,562 - root - INFO - 2029:1024
2021-12-05 11:16:54,563 - root - INFO - 2029:1024
2021-12-05 11:16:55,073 - root - INFO - 2029:1024
2021-12-05 11:16:55,073 - root - INFO - 2029:1024
2021-12-05 11:16:55,135 - root - INFO - NACK-2182
2021-12-05 11:16:55,776 - root - INFO - NACK:2323:2182
2021-12-05 11:16:55,777 - root - INFO - 2029:1024
2021-12-05 11:16:55,777 - root - INFO - 2182:1024
2021-12-05 11:16:56,138 - root - INFO - NACK-2369
2021-12-05 11:16:56,392 - root - INFO - NACK:2369:2369
2021-12-05 11:16:56,676 - root - INFO - NACK:2427:2369
2021-12-05 11:16:56,676 - root - INFO - 2182:1024
2021-12-05 11:16:56,676 - root - INFO - 2369:1024
2021-12-05 11:16:57,184 - root - INFO - 2369:1024
2021-12-05 11:16:57,184 - root - INFO - 2369:1024
2021-12-05 11:16:57,237 - root - INFO - NACK-2433
2021-12-05 11:16:57,485 - root - INFO - NACK:2433:2433
2021-12-05 11:16:57,758 - root - INFO - NACK:2436:2433
2021-12-05 11:16:57,758 - root - INFO - 2369:1024
2021-12-05 11:16:57,758 - root - INFO - 2433:1024
2021-12-05 11:16:58,012 - root - INFO - NACK-2436
2021-12-05 11:16:58,264 - root - INFO - NACK:2436:2436
2021-12-05 11:16:58,515 - root - INFO - NACK:2436:2436
2021-12-05 11:16:58,791 - root - INFO - NACK:2446:2436
2021-12-05 11:16:58,791 - root - INFO - 2433:1024
2021-12-05 11:16:58,792 - root - INFO - 2436:1024
2021-12-05 11:16:59,306 - root - INFO - 2436:1024
2021-12-05 11:16:59,307 - root - INFO - 2436:1024
2021-12-05 11:16:59,402 - root - INFO - NACK-2616
2021-12-05 11:16:59,908 - root - INFO - NACK:2616:2616
2021-12-05 11:17:00,183 - root - INFO - NACK:2638:2616
2021-12-05 11:17:00,184 - root - INFO - 2436:1024
2021-12-05 11:17:00,184 - root - INFO - 2616:1024
2021-12-05 11:17:00,468 - root - INFO - NACK-2756
2021-12-05 11:17:00,742 - root - INFO - NACK:2757:2756
2021-12-05 11:17:00,742 - root - INFO - 2616:1024
2021-12-05 11:17:00,743 - root - INFO - 2756:1024
2021-12-05 11:17:00,993 - root - INFO - NACK-2757
2021-12-05 11:17:01,269 - root - INFO - NACK:2769:2757
2021-12-05 11:17:01,270 - root - INFO - 2756:1024
2021-12-05 11:17:01,270 - root - INFO - 2757:1024
2021-12-05 11:17:01,637 - root - INFO - NACK-2894
2021-12-05 11:17:02,918 - root - INFO - NACK:2897:2894
2021-12-05 11:17:02,919 - root - INFO - 2757:1024
2021-12-05 11:17:02,919 - root - INFO - 2894:1024
2021-12-05 11:17:03,432 - root - INFO - NACK-2897
2021-12-05 11:17:03,684 - root - INFO - NACK:2897:2897
2021-12-05 11:17:03,974 - root - INFO - NACK:3038:2897
2021-12-05 11:17:03,975 - root - INFO - 2894:1024
2021-12-05 11:17:03,975 - root - INFO - 2897:1024
2021-12-05 11:17:04,224 - root - INFO - NACK-3038
2021-12-05 11:17:04,518 - root - INFO - NACK:3222:3038
2021-12-05 11:17:04,519 - root - INFO - 2897:1024
2021-12-05 11:17:04,519 - root - INFO - 3038:1024
2021-12-05 11:17:04,845 - root - INFO - NACK-3297
2021-12-05 11:17:05,349 - root - INFO - NACK:3297:3297
2021-12-05 11:17:05,622 - root - INFO - NACK:3303:3297
2021-12-05 11:17:05,622 - root - INFO - 3038:1024
2021-12-05 11:17:05,622 - root - INFO - 3297:1024
2021-12-05 11:17:05,885 - root - INFO - NACK-3303
2021-12-05 11:17:06,135 - root - INFO - NACK:3303:3303
2021-12-05 11:17:07,418 - root - INFO - NACK:3305:3303
2021-12-05 11:17:07,418 - root - INFO - 3297:1024
2021-12-05 11:17:07,418 - root - INFO - 3303:1024
2021-12-05 11:17:07,926 - root - INFO - 3303:1024
2021-12-05 11:17:07,927 - root - INFO - 3303:1024
2021-12-05 11:17:08,222 - root - INFO - NACK-3314
2021-12-05 11:17:08,723 - root - INFO - NACK:3314:3314
2021-12-05 11:17:09,253 - root - INFO - NACK:3389:3314
2021-12-05 11:17:09,253 - root - INFO - 3303:1024
2021-12-05 11:17:09,253 - root - INFO - 3314:1024
2021-12-05 11:17:09,758 - root - INFO - 3314:1024
2021-12-05 11:17:09,758 - root - INFO - 3314:1024
2021-12-05 11:17:09,869 - root - INFO - NACK-3602
2021-12-05 11:17:10,222 - root - INFO - NACK:3607:3602
2021-12-05 11:17:10,222 - root - INFO - 3314:1024
2021-12-05 11:17:10,222 - root - INFO - 3602:1024
2021-12-05 11:17:10,729 - root - INFO - 3602:1024
2021-12-05 11:17:10,729 - root - INFO - 3602:1024
2021-12-05 11:17:11,235 - root - INFO - 3602:1024
2021-12-05 11:17:11,235 - root - INFO - 3602:1024
2021-12-05 11:17:11,279 - root - INFO - NACK-3799
2021-12-05 11:17:11,886 - root - INFO - NACK:3845:3799
2021-12-05 11:17:11,886 - root - INFO - 3602:1024
2021-12-05 11:17:11,886 - root - INFO - 3799:1024
2021-12-05 11:17:12,390 - root - INFO - 3799:1024
2021-12-05 11:17:12,390 - root - INFO - 3799:1024
2021-12-05 11:17:12,895 - root - INFO - 3799:1024
2021-12-05 11:17:12,895 - root - INFO - 3799:1024
2021-12-05 11:17:12,938 - root - INFO - NACK-3882
2021-12-05 11:17:13,725 - root - INFO - NACK:4117:3882
2021-12-05 11:17:13,725 - root - INFO - 3799:1024
2021-12-05 11:17:13,725 - root - INFO - 3882:1024
2021-12-05 11:17:14,043 - root - INFO - NACK-4191
2021-12-05 11:17:14,297 - root - INFO - NACK:4191:4191
2021-12-05 11:17:14,826 - root - INFO - NACK:4228:4191
2021-12-05 11:17:14,827 - root - INFO - 3882:1024
2021-12-05 11:17:14,827 - root - INFO - 4191:1024
2021-12-05 11:17:15,109 - root - INFO - NACK-4268
2021-12-05 11:17:15,360 - root - INFO - NACK:4268:4268
2021-12-05 11:17:16,138 - root - INFO - NACK:4302:4268
2021-12-05 11:17:16,138 - root - INFO - 4191:1024
2021-12-05 11:17:16,138 - root - INFO - 4268:1024
2021-12-05 11:17:16,642 - root - INFO - 4268:1024
2021-12-05 11:17:16,642 - root - INFO - 4268:1024
2021-12-05 11:17:16,939 - root - INFO - NACK-4332
2021-12-05 11:17:17,190 - root - INFO - NACK:4332:4332
2021-12-05 11:17:17,714 - root - INFO - NACK:4339:4332
2021-12-05 11:17:17,714 - root - INFO - 4268:1024
2021-12-05 11:17:17,714 - root - INFO - 4332:1024
2021-12-05 11:17:18,218 - root - INFO - 4332:1024
2021-12-05 11:17:18,219 - root - INFO - 4332:1024
2021-12-05 11:17:18,633 - root - INFO - NACK-4629
2021-12-05 11:17:19,159 - root - INFO - NACK:4671:4629
2021-12-05 11:17:19,160 - root - INFO - 4332:1024
2021-12-05 11:17:19,160 - root - INFO - 4629:1024
2021-12-05 11:17:19,422 - root - INFO - NACK-4671
2021-12-05 11:17:19,945 - root - INFO - NACK:4689:4671
2021-12-05 11:17:19,945 - root - INFO - 4629:1024
2021-12-05 11:17:19,945 - root - INFO - 4671:1024
2021-12-05 11:17:20,227 - root - INFO - NACK-4698
2021-12-05 11:17:20,503 - root - INFO - NACK:4731:4698
2021-12-05 11:17:20,503 - root - INFO - 4671:1024
2021-12-05 11:17:20,503 - root - INFO - 4698:1024
2021-12-05 11:17:20,779 - root - INFO - NACK-4741
2021-12-05 11:17:21,302 - root - INFO - NACK:4750:4741
2021-12-05 11:17:21,303 - root - INFO - 4698:1024
2021-12-05 11:17:21,303 - root - INFO - 4741:1024
2021-12-05 11:17:21,584 - root - INFO - NACK-4803
2021-12-05 11:17:21,869 - root - INFO - NACK:5050:4803
2021-12-05 11:17:21,869 - root - INFO - 4741:1024
2021-12-05 11:17:21,869 - root - INFO - 4803:1024
2021-12-05 11:17:22,376 - root - INFO - 4803:1024
2021-12-05 11:17:22,376 - root - INFO - 4803:1024
2021-12-05 11:17:22,733 - root - INFO - NACK-5112
2021-12-05 11:17:23,259 - root - INFO - NACK:5113:5112
2021-12-05 11:17:23,259 - root - INFO - 4803:1024
2021-12-05 11:17:23,259 - root - INFO - 5112:1024
2021-12-05 11:17:23,544 - root - INFO - NACK-5156
2021-12-05 11:17:24,301 - root - INFO - NACK:5156:5156
2021-12-05 11:17:24,806 - root - INFO - NACK:5156:5156
2021-12-05 11:17:25,081 - root - INFO - NACK:5217:5156
2021-12-05 11:17:25,081 - root - INFO - 5112:1024
2021-12-05 11:17:25,081 - root - INFO - 5156:1024
2021-12-05 11:17:25,584 - root - INFO - 5156:1024
2021-12-05 11:17:25,585 - root - INFO - 5156:1024
2021-12-05 11:17:25,636 - root - INFO - NACK-5227
2021-12-05 11:17:26,030 - root - INFO - NACK:5305:5227
2021-12-05 11:17:26,031 - root - INFO - 5156:1024
2021-12-05 11:17:26,031 - root - INFO - 5227:1024
2021-12-05 11:17:26,342 - root - INFO - NACK-5314
2021-12-05 11:17:26,594 - root - INFO - NACK:5314:5314
2021-12-05 11:17:26,876 - root - INFO - NACK:5469:5314
2021-12-05 11:17:26,876 - root - INFO - 5227:1024
2021-12-05 11:17:26,876 - root - INFO - 5314:1024
2021-12-05 11:17:27,223 - root - INFO - NACK-5506
2021-12-05 11:17:27,499 - root - INFO - NACK:5507:5506
2021-12-05 11:17:27,499 - root - INFO - 5314:1024
2021-12-05 11:17:27,499 - root - INFO - 5506:1024
2021-12-05 11:17:28,007 - root - INFO - 5506:1024
2021-12-05 11:17:28,007 - root - INFO - 5506:1024
2021-12-05 11:17:28,048 - root - INFO - NACK-5563
2021-12-05 11:17:28,599 - root - INFO - NACK:5658:5563
2021-12-05 11:17:28,599 - root - INFO - 5506:1024
2021-12-05 11:17:28,599 - root - INFO - 5563:1024
2021-12-05 11:17:28,861 - root - INFO - NACK-5658
2021-12-05 11:17:29,140 - root - INFO - NACK:5737:5658
2021-12-05 11:17:29,140 - root - INFO - 5563:1024
2021-12-05 11:17:29,140 - root - INFO - 5658:1024
2021-12-05 11:17:29,436 - root - INFO - NACK-5781
2021-12-05 11:17:29,708 - root - INFO - NACK:5784:5781
2021-12-05 11:17:29,709 - root - INFO - 5658:1024
2021-12-05 11:17:29,709 - root - INFO - 5781:1024
2021-12-05 11:17:29,995 - root - INFO - NACK-5825
2021-12-05 11:17:30,528 - root - INFO - NACK:5922:5825
2021-12-05 11:17:30,528 - root - INFO - 5781:1024
2021-12-05 11:17:30,529 - root - INFO - 5825:1024
2021-12-05 11:17:30,842 - root - INFO - NACK-5967
2021-12-05 11:17:31,119 - root - INFO - NACK:5992:5967
2021-12-05 11:17:31,119 - root - INFO - 5825:1024
2021-12-05 11:17:31,119 - root - INFO - 5967:1024
2021-12-05 11:17:31,622 - root - INFO - 5967:1024
2021-12-05 11:17:31,623 - root - INFO - 5967:1024
2021-12-05 11:17:31,681 - root - INFO - NACK-6038
2021-12-05 11:17:32,431 - root - INFO - NACK:6071:6038
2021-12-05 11:17:32,432 - root - INFO - 5967:1024
2021-12-05 11:17:32,432 - root - INFO - 6038:1024
2021-12-05 11:17:32,682 - root - INFO - NACK-6071
2021-12-05 11:17:32,937 - root - INFO - NACK:6071:6071
2021-12-05 11:17:33,724 - root - INFO - NACK:6316:6071
2021-12-05 11:17:33,724 - root - INFO - 6038:1024
2021-12-05 11:17:33,724 - root - INFO - 6071:1024
2021-12-05 11:17:34,227 - root - INFO - 6071:1024
2021-12-05 11:17:34,227 - root - INFO - 6071:1024
2021-12-05 11:17:34,557 - root - INFO - NACK-6372
2021-12-05 11:17:35,060 - root - INFO - NACK:6372:6372
2021-12-05 11:17:35,597 - root - INFO - NACK:6468:6372
2021-12-05 11:17:35,597 - root - INFO - 6071:1024
2021-12-05 11:17:35,597 - root - INFO - 6372:1024
2021-12-05 11:17:35,871 - root - INFO - NACK-6468
2021-12-05 11:17:36,652 - root - INFO - NACK:6536:6468
2021-12-05 11:17:36,652 - root - INFO - 6372:1024
2021-12-05 11:17:36,652 - root - INFO - 6468:1024
2021-12-05 11:17:37,158 - root - INFO - 6468:1024
2021-12-05 11:17:37,158 - root - INFO - 6468:1024
2021-12-05 11:17:37,628 - root - INFO - NACK-6768
2021-12-05 11:17:38,157 - root - INFO - NACK:6805:6768
2021-12-05 11:17:38,157 - root - INFO - 6468:1024
2021-12-05 11:17:38,157 - root - INFO - 6768:1024
2021-12-05 11:17:38,410 - root - INFO - NACK-6805
2021-12-05 11:17:38,662 - root - INFO - NACK:6805:6805
2021-12-05 11:17:38,914 - root - INFO - NACK:6805:6805
2021-12-05 11:17:39,187 - root - INFO - NACK:6806:6805
2021-12-05 11:17:39,187 - root - INFO - 6768:1024
2021-12-05 11:17:39,187 - root - INFO - 6805:1024
2021-12-05 11:17:39,460 - root - INFO - NACK-6806
2021-12-05 11:17:39,734 - root - INFO - NACK:6817:6806
2021-12-05 11:17:39,734 - root - INFO - 6805:1024
2021-12-05 11:17:39,734 - root - INFO - 6806:1024
2021-12-05 11:17:39,987 - root - INFO - NACK-6817
2021-12-05 11:17:40,261 - root - INFO - NACK:6820:6817
2021-12-05 11:17:40,261 - root - INFO - 6806:1024
2021-12-05 11:17:40,261 - root - INFO - 6817:1024
2021-12-05 11:17:40,714 - root - INFO - NACK-6999
2021-12-05 11:17:41,005 - root - INFO - NACK:7099:6999
2021-12-05 11:17:41,005 - root - INFO - 6817:1024
2021-12-05 11:17:41,005 - root - INFO - 6999:1024
2021-12-05 11:17:41,268 - root - INFO - NACK-7099
2021-12-05 11:17:41,802 - root - INFO - NACK:7154:7099
2021-12-05 11:17:41,802 - root - INFO - 6999:1024
2021-12-05 11:17:41,802 - root - INFO - 7099:1024
2021-12-05 11:17:42,128 - root - INFO - NACK-7243
2021-12-05 11:17:42,378 - root - INFO - NACK:7243:7243
2021-12-05 11:17:42,633 - root - INFO - NACK:7243:7243
2021-12-05 11:17:42,886 - root - INFO - NACK:7243:7243
2021-12-05 11:17:43,415 - root - INFO - NACK:7286:7243
2021-12-05 11:17:43,415 - root - INFO - 7099:1024
2021-12-05 11:17:43,415 - root - INFO - 7243:1024
2021-12-05 11:17:43,762 - root - INFO - NACK-7305
2021-12-05 11:17:44,015 - root - INFO - NACK:7305:7305
2021-12-05 11:17:44,264 - root - INFO - NACK:7305:7305
2021-12-05 11:17:44,766 - root - INFO - NACK:7305:7305
2021-12-05 11:17:45,039 - root - INFO - NACK:7308:7305
2021-12-05 11:17:45,039 - root - INFO - 7243:1024
2021-12-05 11:17:45,039 - root - INFO - 7305:1024
2021-12-05 11:17:45,424 - root - INFO - NACK-7398
2021-12-05 11:17:45,676 - root - INFO - NACK:7398:7398
2021-12-05 11:17:45,949 - root - INFO - NACK:7410:7398
2021-12-05 11:17:45,949 - root - INFO - 7305:1024
2021-12-05 11:17:45,949 - root - INFO - 7398:1024
2021-12-05 11:17:46,262 - root - INFO - NACK-7422
2021-12-05 11:17:47,557 - root - INFO - NACK:7426:7422
2021-12-05 11:17:47,557 - root - INFO - 7398:1024
2021-12-05 11:17:47,557 - root - INFO - 7422:1024
2021-12-05 11:17:47,831 - root - INFO - NACK-7429
2021-12-05 11:17:48,335 - root - INFO - NACK:7429:7429
2021-12-05 11:17:48,859 - root - INFO - NACK:7445:7429
2021-12-05 11:17:48,859 - root - INFO - 7422:1024
2021-12-05 11:17:48,859 - root - INFO - 7429:1024
2021-12-05 11:17:49,370 - root - INFO - 7429:1024
2021-12-05 11:17:49,370 - root - INFO - 7429:1024
2021-12-05 11:17:49,876 - root - INFO - 7429:1024
2021-12-05 11:17:49,876 - root - INFO - 7429:1024
2021-12-05 11:17:50,333 - root - INFO - NACK-7853
2021-12-05 11:17:50,584 - root - INFO - NACK:7853:7853
2021-12-05 11:17:51,085 - root - INFO - timed out
2021-12-05 11:17:51,341 - root - INFO - NACK:7853:7853
2021-12-05 11:17:51,620 - root - INFO - NACK:7875:7853
2021-12-05 11:17:51,620 - root - INFO - 7429:1024
2021-12-05 11:17:51,620 - root - INFO - 7853:1024
2021-12-05 11:17:51,973 - root - INFO - NACK-7887
2021-12-05 11:17:52,245 - root - INFO - NACK:7896:7887
2021-12-05 11:17:52,246 - root - INFO - 7853:1024
2021-12-05 11:17:52,246 - root - INFO - 7887:1024
2021-12-05 11:17:52,529 - root - INFO - NACK-7931
2021-12-05 11:17:52,780 - root - INFO - NACK:7931:7931
2021-12-05 11:17:53,305 - root - INFO - NACK:7942:7931
2021-12-05 11:17:53,305 - root - INFO - 7887:1024
2021-12-05 11:17:53,305 - root - INFO - 7931:1024
2021-12-05 11:17:53,735 - root - INFO - NACK-8157
2021-12-05 11:17:53,988 - root - INFO - NACK:8157:8157
2021-12-05 11:17:54,514 - root - INFO - NACK:8168:8157
2021-12-05 11:17:54,514 - root - INFO - 7931:1024
2021-12-05 11:17:54,514 - root - INFO - 8157:1024
2021-12-05 11:17:54,764 - root - INFO - NACK-8168
2021-12-05 11:17:55,267 - root - INFO - NACK:8168:8168
2021-12-05 11:17:55,541 - root - INFO - NACK:8190:8168
2021-12-05 11:17:55,542 - root - INFO - 8157:1024
2021-12-05 11:17:55,542 - root - INFO - 8168:1024
2021-12-05 11:17:55,791 - root - INFO - NACK-8190
2021-12-05 11:17:56,073 - root - INFO - NACK:8200:8190
2021-12-05 11:17:56,073 - root - INFO - 8168:1024
2021-12-05 11:17:56,073 - root - INFO - 8190:1024
2021-12-05 11:17:56,576 - root - INFO - 8190:1024
2021-12-05 11:17:56,576 - root - INFO - 8190:1024
2021-12-05 11:17:56,602 - root - INFO - NACK-8272
2021-12-05 11:17:56,868 - root - INFO - NACK:8274:8272
2021-12-05 11:17:56,868 - root - INFO - 8190:1024
2021-12-05 11:17:56,868 - root - INFO - 8272:1024
2021-12-05 11:17:57,155 - root - INFO - NACK-8325
2021-12-05 11:17:57,415 - root - INFO - NACK:8325:8325
2021-12-05 11:17:57,695 - root - INFO - NACK:8335:8325
2021-12-05 11:17:57,695 - root - INFO - 8272:1024
2021-12-05 11:17:57,695 - root - INFO - 8325:1024
2021-12-05 11:17:57,980 - root - INFO - NACK-8469
2021-12-05 11:17:58,236 - root - INFO - NACK:8469:8469
2021-12-05 11:17:58,509 - root - INFO - NACK:8472:8469
2021-12-05 11:17:58,509 - root - INFO - 8325:1024
2021-12-05 11:17:58,509 - root - INFO - 8469:1024
2021-12-05 11:17:59,013 - root - INFO - 8469:1024
2021-12-05 11:17:59,013 - root - INFO - 8469:1024
2021-12-05 11:17:59,017 - root - INFO - NACK-8472
2021-12-05 11:17:59,543 - root - INFO - NACK:8474:8472
2021-12-05 11:17:59,543 - root - INFO - 8469:1024
2021-12-05 11:17:59,543 - root - INFO - 8472:1024
2021-12-05 11:17:59,788 - root - INFO - NACK-8474
2021-12-05 11:18:00,073 - root - INFO - NACK:8730:8474
2021-12-05 11:18:00,074 - root - INFO - 8472:1024
2021-12-05 11:18:00,074 - root - INFO - 8474:1024
2021-12-05 11:18:00,442 - root - INFO - NACK-8766
2021-12-05 11:18:01,218 - root - INFO - NACK:8772:8766
2021-12-05 11:18:01,219 - root - INFO - 8474:1024
2021-12-05 11:18:01,219 - root - INFO - 8766:1024
2021-12-05 11:18:01,721 - root - INFO - NACK-8772
2021-12-05 11:18:02,251 - root - INFO - NACK:8780:8772
2021-12-05 11:18:02,252 - root - INFO - 8766:1024
2021-12-05 11:18:02,252 - root - INFO - 8772:1024
2021-12-05 11:18:02,532 - root - INFO - NACK-8789
2021-12-05 11:18:03,033 - root - INFO - NACK:8789:8789
2021-12-05 11:18:03,570 - root - INFO - NACK:8907:8789
2021-12-05 11:18:03,570 - root - INFO - 8772:1024
2021-12-05 11:18:03,570 - root - INFO - 8789:1024
2021-12-05 11:18:04,074 - root - INFO - 8789:1024
2021-12-05 11:18:04,074 - root - INFO - 8789:1024
2021-12-05 11:18:04,081 - root - INFO - NACK-8907
2021-12-05 11:18:04,678 - root - INFO - NACK:8963:8907
2021-12-05 11:18:04,678 - root - INFO - 8789:1024
2021-12-05 11:18:04,678 - root - INFO - 8907:1024
2021-12-05 11:18:05,182 - root - INFO - 8907:1024
2021-12-05 11:18:05,183 - root - INFO - 8907:1024
2021-12-05 11:18:05,476 - root - INFO - NACK-9192
2021-12-05 11:18:05,982 - root - INFO - NACK:9192:9192
2021-12-05 11:18:06,253 - root - INFO - NACK:9214:9192
2021-12-05 11:18:06,253 - root - INFO - 8907:1024
2021-12-05 11:18:06,253 - root - INFO - 9192:1024
2021-12-05 11:18:06,530 - root - INFO - NACK-9239
2021-12-05 11:18:06,802 - root - INFO - NACK:9242:9239
2021-12-05 11:18:06,802 - root - INFO - 9192:1024
2021-12-05 11:18:06,802 - root - INFO - 9239:1024
2021-12-05 11:18:07,306 - root - INFO - 9239:1024
2021-12-05 11:18:07,306 - root - INFO - 9239:1024
2021-12-05 11:18:07,813 - root - INFO - 9239:1024
2021-12-05 11:18:07,813 - root - INFO - 9239:1024
2021-12-05 11:18:07,847 - root - INFO - NACK-9270
2021-12-05 11:18:08,091 - root - INFO - NACK:9270:9270
2021-12-05 11:18:08,342 - root - INFO - NACK:9270:9270
2021-12-05 11:18:08,595 - root - INFO - NACK:9270:9270
2021-12-05 11:18:08,844 - root - INFO - NACK:9270:9270
2021-12-05 11:18:09,095 - root - INFO - NACK:9270:9270
2021-12-05 11:18:09,632 - root - INFO - NACK:9399:9270
2021-12-05 11:18:09,632 - root - INFO - 9239:1024
2021-12-05 11:18:09,632 - root - INFO - 9270:1024
2021-12-05 11:18:10,036 - root - INFO - NACK-9569
2021-12-05 11:18:10,288 - root - INFO - NACK:9569:9569
2021-12-05 11:18:10,574 - root - INFO - NACK:9609:9569
2021-12-05 11:18:10,574 - root - INFO - 9270:1024
2021-12-05 11:18:10,574 - root - INFO - 9569:1024
2021-12-05 11:18:10,866 - root - INFO - NACK-9681
2021-12-05 11:18:11,140 - root - INFO - NACK:9722:9681
2021-12-05 11:18:11,140 - root - INFO - 9569:1024
2021-12-05 11:18:11,140 - root - INFO - 9681:1024
2021-12-05 11:18:11,418 - root - INFO - NACK-9723
2021-12-05 11:18:11,695 - root - INFO - NACK:9728:9723
2021-12-05 11:18:11,695 - root - INFO - 9681:1024
2021-12-05 11:18:11,695 - root - INFO - 9723:1024
2021-12-05 11:18:12,203 - root - INFO - 9723:1024
2021-12-05 11:18:12,204 - root - INFO - 9723:1024
2021-12-05 11:18:12,556 - root - INFO - NACK-9979
2021-12-05 11:18:13,063 - root - INFO - NACK:9979:9979
2021-12-05 11:18:13,317 - root - INFO - NACK:9979:9979
2021-12-05 11:18:13,573 - root - INFO - NACK:9979:9979
2021-12-05 11:18:13,850 - root - INFO - NACK:9998:9979
2021-12-05 11:18:13,850 - root - INFO - 9723:1024
2021-12-05 11:18:13,851 - root - INFO - 9979:1024
2021-12-05 11:18:14,354 - root - INFO - NACK-9998
2021-12-05 11:18:14,631 - root - INFO - NACK:10032:9998
2021-12-05 11:18:14,631 - root - INFO - 9979:1024
2021-12-05 11:18:14,631 - root - INFO - 9998:1024
2021-12-05 11:18:14,887 - root - INFO - NACK-10032
2021-12-05 11:18:15,166 - root - INFO - NACK:10114:10032
2021-12-05 11:18:15,166 - root - INFO - 9998:1024
2021-12-05 11:18:15,167 - root - INFO - 10032:1024
2021-12-05 11:18:15,671 - root - INFO - 10032:1024
2021-12-05 11:18:15,671 - root - INFO - 10032:1024
2021-12-05 11:18:15,683 - root - INFO - NACK-10114
2021-12-05 11:18:15,968 - root - INFO - NACK:10218:10114
2021-12-05 11:18:15,968 - root - INFO - 10032:1024
2021-12-05 11:18:15,968 - root - INFO - 10114:1024
2021-12-05 11:18:16,219 - root - INFO - NACK-10218
2021-12-05 11:18:16,471 - root - INFO - NACK:10218:10218
2021-12-05 11:18:16,724 - root - INFO - NACK:10218:10218
2021-12-05 11:18:17,008 - root - INFO - NACK:10397:10218
2021-12-05 11:18:17,008 - root - INFO - 10114:1024
2021-12-05 11:18:17,008 - root - INFO - 10218:1024
2021-12-05 11:18:17,261 - root - INFO - NACK-10397
2021-12-05 11:18:17,538 - root - INFO - NACK:10432:10397
2021-12-05 11:18:17,538 - root - INFO - 10218:1024
2021-12-05 11:18:17,538 - root - INFO - 10397:1024
2021-12-05 11:18:17,918 - root - INFO - NACK-10523
2021-12-05 11:18:18,169 - root - INFO - NACK:10523:10523
2021-12-05 11:18:18,445 - root - INFO - NACK:10540:10523
2021-12-05 11:18:18,445 - root - INFO - 10397:1024
2021-12-05 11:18:18,445 - root - INFO - 10523:1024
2021-12-05 11:18:18,723 - root - INFO - NACK-10549
2021-12-05 11:18:18,996 - root - INFO - NACK:10557:10549
2021-12-05 11:18:18,996 - root - INFO - 10523:1024
2021-12-05 11:18:18,996 - root - INFO - 10549:1024
2021-12-05 11:18:19,275 - root - INFO - NACK-10583
2021-12-05 11:18:20,055 - root - INFO - NACK:10603:10583
2021-12-05 11:18:20,055 - root - INFO - 10549:1024
2021-12-05 11:18:20,055 - root - INFO - 10583:1024
2021-12-05 11:18:20,559 - root - INFO - NACK-10603
2021-12-05 11:18:20,810 - root - INFO - NACK:10603:10603
2021-12-05 11:18:21,313 - root - INFO - NACK:10603:10603
2021-12-05 11:18:21,590 - root - INFO - NACK:10628:10603
2021-12-05 11:18:21,590 - root - INFO - 10583:1024
2021-12-05 11:18:21,590 - root - INFO - 10603:1024
2021-12-05 11:18:22,093 - root - INFO - 10603:1024
2021-12-05 11:18:22,093 - root - INFO - 10603:1024
2021-12-05 11:18:22,425 - root - INFO - NACK-10876
2021-12-05 11:18:22,702 - root - INFO - NACK:10888:10876
2021-12-05 11:18:22,703 - root - INFO - 10603:1024
2021-12-05 11:18:22,703 - root - INFO - 10876:1024
2021-12-05 11:18:23,211 - root - INFO - 10876:1024
2021-12-05 11:18:23,211 - root - INFO - 10876:1024
2021-12-05 11:18:23,253 - root - INFO - NACK-10888
2021-12-05 11:18:24,306 - root - INFO - NACK:11023:10888
2021-12-05 11:18:24,307 - root - INFO - 10876:1024
2021-12-05 11:18:24,307 - root - INFO - 10888:1024
2021-12-05 11:18:24,641 - root - INFO - NACK-11081
2021-12-05 11:18:24,892 - root - INFO - NACK:11081:11081
2021-12-05 11:18:25,142 - root - INFO - NACK:11081:11081
2021-12-05 11:18:25,396 - root - INFO - NACK:11081:11081
2021-12-05 11:18:25,672 - root - INFO - NACK:11095:11081
2021-12-05 11:18:25,672 - root - INFO - 10888:1024
2021-12-05 11:18:25,672 - root - INFO - 11081:1024
2021-12-05 11:18:26,178 - root - INFO - 11081:1024
2021-12-05 11:18:26,179 - root - INFO - 11081:1024
2021-12-05 11:18:26,240 - root - INFO - NACK-11157
2021-12-05 11:18:26,748 - root - INFO - NACK:11170:11157
2021-12-05 11:18:26,748 - root - INFO - 11081:1024
2021-12-05 11:18:26,748 - root - INFO - 11157:1024
2021-12-05 11:18:27,252 - root - INFO - 11157:1024
2021-12-05 11:18:27,252 - root - INFO - 11157:1024
2021-12-05 11:18:27,474 - root - INFO - NACK-11366
2021-12-05 11:18:27,976 - root - INFO - NACK:11366:11366
2021-12-05 11:18:28,257 - root - INFO - NACK:11409:11366
2021-12-05 11:18:28,258 - root - INFO - 11157:1024
2021-12-05 11:18:28,258 - root - INFO - 11366:1024
2021-12-05 11:18:28,761 - root - INFO - NACK-11409
2021-12-05 11:18:29,544 - root - INFO - NACK:11425:11409
2021-12-05 11:18:29,545 - root - INFO - 11366:1024
2021-12-05 11:18:29,545 - root - INFO - 11409:1024
2021-12-05 11:18:30,048 - root - INFO - NACK-11425
2021-12-05 11:18:30,302 - root - INFO - NACK:11425:11425
2021-12-05 11:18:30,866 - root - INFO - NACK:11631:11425
2021-12-05 11:18:30,867 - root - INFO - 11409:1024
2021-12-05 11:18:30,867 - root - INFO - 11425:1024
2021-12-05 11:18:31,232 - root - INFO - NACK-11652
2021-12-05 11:18:31,509 - root - INFO - NACK:11655:11652
2021-12-05 11:18:31,509 - root - INFO - 11425:1024
2021-12-05 11:18:31,509 - root - INFO - 11652:1024
2021-12-05 11:18:31,817 - root - INFO - NACK-11775
2021-12-05 11:18:32,067 - root - INFO - NACK:11775:11775
2021-12-05 11:18:32,344 - root - INFO - NACK:11812:11775
2021-12-05 11:18:32,344 - root - INFO - 11652:1024
2021-12-05 11:18:32,344 - root - INFO - 11775:1024
2021-12-05 11:18:32,597 - root - INFO - NACK-11812
2021-12-05 11:18:32,876 - root - INFO - NACK:11846:11812
2021-12-05 11:18:32,876 - root - INFO - 11775:1024
2021-12-05 11:18:32,876 - root - INFO - 11812:1024
2021-12-05 11:18:33,153 - root - INFO - NACK-11875
2021-12-05 11:18:33,404 - root - INFO - NACK:11875:11875
2021-12-05 11:18:33,678 - root - INFO - NACK:11888:11875
2021-12-05 11:18:33,678 - root - INFO - 11812:1024
2021-12-05 11:18:33,678 - root - INFO - 11875:1024
2021-12-05 11:18:33,929 - root - INFO - NACK-11888
2021-12-05 11:18:34,432 - root - INFO - NACK:11888:11888
2021-12-05 11:18:34,712 - root - INFO - NACK:11950:11888
2021-12-05 11:18:34,712 - root - INFO - 11875:1024
2021-12-05 11:18:34,712 - root - INFO - 11888:1024
2021-12-05 11:18:35,043 - root - INFO - NACK-12067
2021-12-05 11:18:35,546 - root - INFO - NACK:12067:12067
2021-12-05 11:18:35,798 - root - INFO - NACK:12067:12067
2021-12-05 11:18:36,049 - root - INFO - NACK:12067:12067
2021-12-05 11:18:36,302 - root - INFO - NACK:12067:12067
2021-12-05 11:18:36,835 - root - INFO - NACK:12169:12067
2021-12-05 11:18:36,835 - root - INFO - 11888:1024
2021-12-05 11:18:36,835 - root - INFO - 12067:1024
2021-12-05 11:18:37,347 - root - INFO - 12067:1024
2021-12-05 11:18:37,348 - root - INFO - 12067:1024
2021-12-05 11:18:37,655 - root - INFO - NACK-12200
2021-12-05 11:18:37,929 - root - INFO - NACK:12213:12200
2021-12-05 11:18:37,929 - root - INFO - 12067:1024
2021-12-05 11:18:37,930 - root - INFO - 12200:1024
2021-12-05 11:18:38,337 - root - INFO - NACK-12408
2021-12-05 11:18:38,610 - root - INFO - NACK:12409:12408
2021-12-05 11:18:38,611 - root - INFO - 12200:1024
2021-12-05 11:18:38,611 - root - INFO - 12408:1024
2021-12-05 11:18:39,117 - root - INFO - NACK-12409
2021-12-05 11:18:39,640 - root - INFO - NACK:12414:12409
2021-12-05 11:18:39,640 - root - INFO - 12408:1024
2021-12-05 11:18:39,640 - root - INFO - 12409:1024
2021-12-05 11:18:39,891 - root - INFO - NACK-12414
2021-12-05 11:18:40,392 - root - INFO - NACK:12414:12414
2021-12-05 11:18:40,667 - root - INFO - NACK:12417:12414
2021-12-05 11:18:40,667 - root - INFO - 12409:1024
2021-12-05 11:18:40,667 - root - INFO - 12414:1024
2021-12-05 11:18:41,035 - root - INFO - NACK-12560
2021-12-05 11:18:41,563 - root - INFO - NACK:12562:12560
2021-12-05 11:18:41,563 - root - INFO - 12414:1024
2021-12-05 11:18:41,564 - root - INFO - 12560:1024
2021-12-05 11:18:41,814 - root - INFO - NACK-12562
2021-12-05 11:18:42,349 - root - INFO - NACK:12685:12562
2021-12-05 11:18:42,349 - root - INFO - 12560:1024
2021-12-05 11:18:42,350 - root - INFO - 12562:1024
2021-12-05 11:18:42,599 - root - INFO - NACK-12685
2021-12-05 11:18:42,880 - root - INFO - NACK:12807:12685
2021-12-05 11:18:42,880 - root - INFO - 12562:1024
2021-12-05 11:18:42,880 - root - INFO - 12685:1024
2021-12-05 11:18:43,130 - root - INFO - NACK-12807
2021-12-05 11:18:43,381 - root - INFO - NACK:12807:12807
2021-12-05 11:18:43,634 - root - INFO - NACK:12807:12807
2021-12-05 11:18:43,886 - root - INFO - NACK:12807:12807
2021-12-05 11:18:44,165 - root - INFO - NACK:12863:12807
2021-12-05 11:18:44,165 - root - INFO - 12685:1024
2021-12-05 11:18:44,166 - root - INFO - 12807:1024
2021-12-05 11:18:44,670 - root - INFO - 12807:1024
2021-12-05 11:18:44,670 - root - INFO - 12807:1024
2021-12-05 11:18:44,727 - root - INFO - NACK-12908
2021-12-05 11:18:44,967 - root - INFO - NACK:12908:12908
2021-12-05 11:18:45,244 - root - INFO - NACK:12969:12908
2021-12-05 11:18:45,244 - root - INFO - 12807:1024
2021-12-05 11:18:45,244 - root - INFO - 12908:1024
2021-12-05 11:18:45,499 - root - INFO - NACK-12969
2021-12-05 11:18:45,750 - root - INFO - NACK:12969:12969
2021-12-05 11:18:46,029 - root - INFO - NACK:13007:12969
2021-12-05 11:18:46,029 - root - INFO - 12908:1024
2021-12-05 11:18:46,030 - root - INFO - 12969:1024
2021-12-05 11:18:46,550 - root - INFO - 12969:1024
2021-12-05 11:18:46,550 - root - INFO - 12969:1024
2021-12-05 11:18:46,855 - root - INFO - NACK-13137
2021-12-05 11:18:47,136 - root - INFO - NACK:13208:13137
2021-12-05 11:18:47,136 - root - INFO - 12969:1024
2021-12-05 11:18:47,136 - root - INFO - 13137:1024
2021-12-05 11:18:47,640 - root - INFO - 13137:1024
2021-12-05 11:18:47,640 - root - INFO - 13137:1024
2021-12-05 11:18:47,775 - root - INFO - NACK-13254
2021-12-05 11:18:48,023 - root - INFO - NACK:13254:13254
2021-12-05 11:18:48,554 - root - INFO - NACK:13262:13254
2021-12-05 11:18:48,555 - root - INFO - 13137:1024
2021-12-05 11:18:48,555 - root - INFO - 13254:1024
2021-12-05 11:18:49,059 - root - INFO - NACK-13262
2021-12-05 11:18:49,310 - root - INFO - NACK:13262:13262
2021-12-05 11:18:49,595 - root - INFO - NACK:13390:13262
2021-12-05 11:18:49,595 - root - INFO - 13254:1024
2021-12-05 11:18:49,595 - root - INFO - 13262:1024
2021-12-05 11:18:49,925 - root - INFO - NACK-13504
2021-12-05 11:18:50,175 - root - INFO - NACK:13504:13504
2021-12-05 11:18:50,709 - root - INFO - NACK:13561:13504
2021-12-05 11:18:50,709 - root - INFO - 13262:1024
2021-12-05 11:18:50,709 - root - INFO - 13504:1024
2021-12-05 11:18:50,965 - root - INFO - NACK-13561
2021-12-05 11:18:51,475 - root - INFO - NACK:13561:13561
2021-12-05 11:18:51,746 - root - INFO - NACK:13618:13561
2021-12-05 11:18:51,746 - root - INFO - 13504:1024
2021-12-05 11:18:51,746 - root - INFO - 13561:1024
2021-12-05 11:18:52,033 - root - INFO - NACK-13620
2021-12-05 11:18:52,284 - root - INFO - NACK:13620:13620
2021-12-05 11:18:52,786 - root - INFO - NACK:13620:13620
2021-12-05 11:18:53,292 - root - INFO - NACK:13620:13620
2021-12-05 11:18:53,818 - root - INFO - NACK:13635:13620
2021-12-05 11:18:53,818 - root - INFO - 13561:1024
2021-12-05 11:18:53,818 - root - INFO - 13620:1024
2021-12-05 11:18:54,095 - root - INFO - NACK-13648
2021-12-05 11:18:54,351 - root - INFO - NACK:13648:13648
2021-12-05 11:18:54,623 - root - INFO - NACK:13652:13648
2021-12-05 11:18:54,624 - root - INFO - 13620:1024
2021-12-05 11:18:54,624 - root - INFO - 13648:1024
2021-12-05 11:18:54,881 - root - INFO - NACK-13652
2021-12-05 11:18:55,386 - root - INFO - NACK:13652:13652
2021-12-05 11:18:55,679 - root - INFO - NACK:13768:13652
2021-12-05 11:18:55,679 - root - INFO - 13648:1024
2021-12-05 11:18:55,679 - root - INFO - 13652:1024
2021-12-05 11:18:56,117 - root - INFO - NACK-13937
2021-12-05 11:18:56,894 - root - INFO - NACK:13957:13937
2021-12-05 11:18:56,894 - root - INFO - 13652:1024
2021-12-05 11:18:56,894 - root - INFO - 13937:1024
2021-12-05 11:18:57,225 - root - INFO - NACK-14021
2021-12-05 11:18:57,501 - root - INFO - NACK:14026:14021
2021-12-05 11:18:57,502 - root - INFO - 13937:1024
2021-12-05 11:18:57,502 - root - INFO - 14021:1024
2021-12-05 11:18:57,770 - root - INFO - NACK-14026
2021-12-05 11:18:58,296 - root - INFO - NACK:14051:14026
2021-12-05 11:18:58,296 - root - INFO - 14021:1024
2021-12-05 11:18:58,296 - root - INFO - 14026:1024
2021-12-05 11:18:58,546 - root - INFO - NACK-14051
2021-12-05 11:18:58,823 - root - INFO - NACK:14070:14051
2021-12-05 11:18:58,823 - root - INFO - 14026:1024
2021-12-05 11:18:58,823 - root - INFO - 14051:1024
2021-12-05 11:18:59,073 - root - INFO - NACK-14070
2021-12-05 11:18:59,577 - root - INFO - NACK:14070:14070
2021-12-05 11:18:59,862 - root - INFO - NACK:14219:14070
2021-12-05 11:18:59,863 - root - INFO - 14051:1024
2021-12-05 11:18:59,863 - root - INFO - 14070:1024
2021-12-05 11:19:00,221 - root - INFO - NACK-14399
2021-12-05 11:19:00,477 - root - INFO - NACK:14399:14399
2021-12-05 11:19:00,753 - root - INFO - NACK:14406:14399
2021-12-05 11:19:00,753 - root - INFO - 14070:1024
2021-12-05 11:19:00,753 - root - INFO - 14399:1024
2021-12-05 11:19:01,257 - root - INFO - 14399:1024
2021-12-05 11:19:01,257 - root - INFO - 14399:1024
2021-12-05 11:19:01,763 - root - INFO - NACK-14406
2021-12-05 11:19:02,798 - root - INFO - NACK:14428:14406
2021-12-05 11:19:02,798 - root - INFO - 14399:1024
2021-12-05 11:19:02,798 - root - INFO - 14406:1024
2021-12-05 11:19:03,126 - root - INFO - NACK-14546
2021-12-05 11:19:03,380 - root - INFO - NACK:14546:14546
2021-12-05 11:19:03,632 - root - INFO - NACK:14546:14546
2021-12-05 11:19:04,171 - root - INFO - NACK:14706:14546
2021-12-05 11:19:04,172 - root - INFO - 14406:1024
2021-12-05 11:19:04,172 - root - INFO - 14546:1024
2021-12-05 11:19:04,675 - root - INFO - 14546:1024
2021-12-05 11:19:04,675 - root - INFO - 14546:1024
2021-12-05 11:19:05,182 - root - INFO - 14546:1024
2021-12-05 11:19:05,182 - root - INFO - 14546:1024
2021-12-05 11:19:05,686 - root - INFO - 14546:1024
2021-12-05 11:19:05,687 - root - INFO - 14546:1024
2021-12-05 11:19:06,224 - root - INFO - 14546:1024
2021-12-05 11:19:06,224 - root - INFO - 14546:1024
2021-12-05 11:19:06,534 - root - INFO - NACK-14866
2021-12-05 11:19:06,810 - root - INFO - NACK:14881:14866
2021-12-05 11:19:06,810 - root - INFO - 14546:1024
2021-12-05 11:19:06,810 - root - INFO - 14866:1024
2021-12-05 11:19:07,121 - root - INFO - NACK-14947
2021-12-05 11:19:07,395 - root - INFO - NACK:14979:14947
2021-12-05 11:19:07,395 - root - INFO - 14866:1024
2021-12-05 11:19:07,395 - root - INFO - 14947:1024
2021-12-05 11:19:07,669 - root - INFO - NACK-14979
2021-12-05 11:19:07,945 - root - INFO - NACK:14984:14979
2021-12-05 11:19:07,945 - root - INFO - 14947:1024
2021-12-05 11:19:07,945 - root - INFO - 14979:1024
2021-12-05 11:19:08,201 - root - INFO - NACK-14984
2021-12-05 11:19:08,733 - root - INFO - NACK:15132:14984
2021-12-05 11:19:08,733 - root - INFO - 14979:1024
2021-12-05 11:19:08,733 - root - INFO - 14984:1024
2021-12-05 11:19:09,237 - root - INFO - 14984:1024
2021-12-05 11:19:09,237 - root - INFO - 14984:1024
2021-12-05 11:19:09,744 - root - INFO - 14984:1024
2021-12-05 11:19:09,744 - root - INFO - 14984:1024
2021-12-05 11:19:09,963 - root - INFO - NACK-15348
2021-12-05 11:19:10,218 - root - INFO - NACK:15348:15348
2021-12-05 11:19:10,728 - root - INFO - NACK:15348:15348
2021-12-05 11:19:11,000 - root - INFO - NACK:15383:15348
2021-12-05 11:19:11,000 - root - INFO - 14984:1024
2021-12-05 11:19:11,000 - root - INFO - 15348:1024
2021-12-05 11:19:11,317 - root - INFO - NACK-15431
2021-12-05 11:19:12,100 - root - INFO - NACK:15436:15431
2021-12-05 11:19:12,100 - root - INFO - 15348:1024
2021-12-05 11:19:12,101 - root - INFO - 15431:1024
2021-12-05 11:19:12,604 - root - INFO - NACK-15436
2021-12-05 11:19:13,106 - root - INFO - NACK:15436:15436
2021-12-05 11:19:13,377 - root - INFO - NACK:15437:15436
2021-12-05 11:19:13,377 - root - INFO - 15431:1024
2021-12-05 11:19:13,377 - root - INFO - 15436:1024
2021-12-05 11:19:13,629 - root - INFO - NACK-15437
2021-12-05 11:19:13,879 - root - INFO - NACK:15437:15437
2021-12-05 11:19:14,403 - root - INFO - NACK:15450:15437
2021-12-05 11:19:14,403 - root - INFO - 15436:1024
2021-12-05 11:19:14,403 - root - INFO - 15437:1024
2021-12-05 11:19:14,655 - root - INFO - NACK-15450
2021-12-05 11:19:14,943 - root - INFO - NACK:15517:15450
2021-12-05 11:19:14,943 - root - INFO - 15437:1024
2021-12-05 11:19:14,943 - root - INFO - 15450:1024
2021-12-05 11:19:15,445 - root - INFO - 15450:1024
2021-12-05 11:19:15,445 - root - INFO - 15450:1024
2021-12-05 11:19:15,667 - root - INFO - NACK-15701
2021-12-05 11:19:15,667 - root - INFO - 15450:1024
2021-12-05 11:19:15,667 - root - INFO - Sending complete in time:: 169.4074916619993
