2021-12-04 21:58:23,039 - root - INFO - Initialising :: RUDP_server3
2021-12-04 21:58:23,865 - root - INFO - Received b'Hi'from server
2021-12-04 21:58:23,865 - root - INFO - Connection established
2021-12-04 21:58:27,869 - root - INFO - Received packet:
2021-12-04 21:58:27,869 - root - INFO - invalid load key, 'H'.
2021-12-04 21:58:27,870 - root - INFO - Received packet:
2021-12-04 21:58:27,870 - root - INFO - buffersize:0-Received:0nextseqno:0
2021-12-04 21:58:27,872 - root - INFO - writing 0
2021-12-04 21:58:27,873 - root - INFO - Received packet:
2021-12-04 21:58:27,873 - root - INFO - buffersize:0-Received:2nextseqno:1
2021-12-04 21:58:27,873 - root - INFO - Received packet:
2021-12-04 21:58:27,873 - root - INFO - buffersize:1-Received:3nextseqno:1
2021-12-04 21:58:27,873 - root - INFO - Received packet:
2021-12-04 21:58:27,873 - root - INFO - buffersize:2-Received:4nextseqno:1
2021-12-04 21:58:27,873 - root - INFO - Received packet:
2021-12-04 21:58:27,873 - root - INFO - buffersize:3-Received:5nextseqno:1
2021-12-04 21:58:27,873 - root - INFO - Received packet:
2021-12-04 21:58:27,873 - root - INFO - buffersize:4-Received:6nextseqno:1
2021-12-04 21:58:27,873 - root - INFO - Received packet:
2021-12-04 21:58:27,873 - root - INFO - buffersize:5-Received:8nextseqno:1
2021-12-04 21:58:27,873 - root - INFO - Received packet:
2021-12-04 21:58:27,873 - root - INFO - buffersize:6-Received:9nextseqno:1
2021-12-04 21:58:27,873 - root - INFO - Received packet:
2021-12-04 21:58:27,873 - root - INFO - buffersize:7-Received:10nextseqno:1
2021-12-04 21:58:27,873 - root - INFO - Received packet:
2021-12-04 21:58:27,873 - root - INFO - buffersize:8-Received:11nextseqno:1
2021-12-04 21:58:27,874 - root - INFO - Received packet:
2021-12-04 21:58:27,875 - root - INFO - buffersize:9-Received:12nextseqno:1
2021-12-04 21:58:27,875 - root - INFO - Received packet:
2021-12-04 21:58:27,875 - root - INFO - buffersize:10-Received:13nextseqno:1
2021-12-04 21:58:27,875 - root - INFO - Received packet:
2021-12-04 21:58:27,875 - root - INFO - buffersize:11-Received:14nextseqno:1
2021-12-04 21:58:27,875 - root - INFO - Received packet:
2021-12-04 21:58:27,875 - root - INFO - buffersize:12-Received:15nextseqno:1
2021-12-04 21:58:27,875 - root - INFO - Received packet:
2021-12-04 21:58:27,875 - root - INFO - buffersize:13-Received:16nextseqno:1
2021-12-04 21:58:27,875 - root - INFO - Received packet:
2021-12-04 21:58:27,875 - root - INFO - buffersize:14-Received:17nextseqno:1
2021-12-04 21:58:27,875 - root - INFO - Received packet:
2021-12-04 21:58:27,875 - root - INFO - buffersize:15-Received:19nextseqno:1
2021-12-04 21:58:27,875 - root - INFO - Received packet:
2021-12-04 21:58:27,875 - root - INFO - buffersize:16-Received:20nextseqno:1
2021-12-04 21:58:27,875 - root - INFO - Received packet:
2021-12-04 21:58:27,876 - root - INFO - buffersize:17-Received:21nextseqno:1
2021-12-04 21:58:27,876 - root - INFO - Received packet:
2021-12-04 21:58:27,876 - root - INFO - buffersize:18-Received:22nextseqno:1
2021-12-04 21:58:27,876 - root - INFO - Received packet:
2021-12-04 21:58:27,876 - root - INFO - buffersize:19-Received:23nextseqno:1
2021-12-04 21:58:27,876 - root - INFO - Received packet:
2021-12-04 21:58:27,876 - root - INFO - buffersize:20-Received:24nextseqno:1
2021-12-04 21:58:27,876 - root - INFO - Received packet:
2021-12-04 21:58:27,877 - root - INFO - buffersize:21-Received:25nextseqno:1
2021-12-04 21:58:27,877 - root - INFO - Received packet:
2021-12-04 21:58:27,877 - root - INFO - buffersize:22-Received:26nextseqno:1
2021-12-04 21:58:27,877 - root - INFO - Received packet:
2021-12-04 21:58:27,877 - root - INFO - buffersize:23-Received:27nextseqno:1
2021-12-04 21:58:27,877 - root - INFO - Received packet:
2021-12-04 21:58:27,877 - root - INFO - buffersize:24-Received:28nextseqno:1
2021-12-04 21:58:27,877 - root - INFO - Received packet:
2021-12-04 21:58:27,877 - root - INFO - buffersize:25-Received:29nextseqno:1
2021-12-04 21:58:27,877 - root - INFO - Received packet:
2021-12-04 21:58:27,877 - root - INFO - buffersize:26-Received:30nextseqno:1
2021-12-04 21:58:27,877 - root - INFO - Received packet:
2021-12-04 21:58:27,877 - root - INFO - buffersize:27-Received:31nextseqno:1
2021-12-04 21:58:27,877 - root - INFO - Received packet:
2021-12-04 21:58:27,877 - root - INFO - buffersize:28-Received:32nextseqno:1
2021-12-04 21:58:27,877 - root - INFO - Received packet:
2021-12-04 21:58:27,878 - root - INFO - buffersize:29-Received:33nextseqno:1
2021-12-04 21:58:27,878 - root - INFO - Received packet:
2021-12-04 21:58:27,878 - root - INFO - buffersize:30-Received:34nextseqno:1
2021-12-04 21:58:27,878 - root - INFO - Received packet:
2021-12-04 21:58:27,878 - root - INFO - buffersize:31-Received:35nextseqno:1
2021-12-04 21:58:27,878 - root - INFO - Received packet:
2021-12-04 21:58:27,878 - root - INFO - buffersize:32-Received:36nextseqno:1
2021-12-04 21:58:28,125 - root - INFO - timeout occured
2021-12-04 21:58:28,147 - root - INFO - Received packet:
2021-12-04 21:58:28,147 - root - INFO - buffersize:33-Received:1nextseqno:1
2021-12-04 21:58:28,147 - root - INFO - writing 1
2021-12-04 21:58:28,147 - root - INFO - writing 2
2021-12-04 21:58:28,147 - root - INFO - writing 3
2021-12-04 21:58:28,147 - root - INFO - writing 4
2021-12-04 21:58:28,147 - root - INFO - writing 5
2021-12-04 21:58:28,147 - root - INFO - writing 6
2021-12-04 21:58:28,398 - root - INFO - timeout occured
2021-12-04 21:58:28,419 - root - INFO - Received packet:
2021-12-04 21:58:28,420 - root - INFO - buffersize:28-Received:1nextseqno:7
2021-12-04 21:58:28,420 - root - INFO - Received packet:
2021-12-04 21:58:28,420 - root - INFO - buffersize:28-Received:2nextseqno:7
2021-12-04 21:58:28,420 - root - INFO - Received packet:
2021-12-04 21:58:28,420 - root - INFO - buffersize:28-Received:3nextseqno:7
2021-12-04 21:58:28,420 - root - INFO - Received packet:
2021-12-04 21:58:28,420 - root - INFO - buffersize:28-Received:4nextseqno:7
2021-12-04 21:58:28,420 - root - INFO - Received packet:
2021-12-04 21:58:28,420 - root - INFO - buffersize:28-Received:6nextseqno:7
2021-12-04 21:58:28,420 - root - INFO - Received packet:
2021-12-04 21:58:28,420 - root - INFO - buffersize:28-Received:7nextseqno:7
2021-12-04 21:58:28,420 - root - INFO - writing 7
2021-12-04 21:58:28,420 - root - INFO - writing 8
2021-12-04 21:58:28,420 - root - INFO - writing 9
2021-12-04 21:58:28,420 - root - INFO - writing 10
2021-12-04 21:58:28,420 - root - INFO - writing 11
2021-12-04 21:58:28,421 - root - INFO - writing 12
2021-12-04 21:58:28,421 - root - INFO - writing 13
2021-12-04 21:58:28,421 - root - INFO - writing 14
2021-12-04 21:58:28,421 - root - INFO - writing 15
2021-12-04 21:58:28,421 - root - INFO - writing 16
2021-12-04 21:58:28,421 - root - INFO - writing 17
2021-12-04 21:58:28,421 - root - INFO - Received packet:
2021-12-04 21:58:28,421 - root - INFO - buffersize:18-Received:8nextseqno:18
2021-12-04 21:58:28,421 - root - INFO - Received packet:
2021-12-04 21:58:28,421 - root - INFO - buffersize:18-Received:9nextseqno:18
2021-12-04 21:58:28,421 - root - INFO - Received packet:
2021-12-04 21:58:28,421 - root - INFO - buffersize:18-Received:10nextseqno:18
2021-12-04 21:58:28,424 - root - INFO - Received packet:
2021-12-04 21:58:28,424 - root - INFO - buffersize:18-Received:11nextseqno:18
2021-12-04 21:58:28,425 - root - INFO - Received packet:
2021-12-04 21:58:28,425 - root - INFO - buffersize:18-Received:12nextseqno:18
2021-12-04 21:58:28,425 - root - INFO - Received packet:
2021-12-04 21:58:28,425 - root - INFO - buffersize:18-Received:13nextseqno:18
2021-12-04 21:58:28,426 - root - INFO - Received packet:
2021-12-04 21:58:28,426 - root - INFO - buffersize:18-Received:15nextseqno:18
2021-12-04 21:58:28,426 - root - INFO - Received packet:
2021-12-04 21:58:28,426 - root - INFO - buffersize:18-Received:16nextseqno:18
2021-12-04 21:58:28,426 - root - INFO - Received packet:
2021-12-04 21:58:28,426 - root - INFO - buffersize:18-Received:17nextseqno:18
2021-12-04 21:58:28,426 - root - INFO - Received packet:
2021-12-04 21:58:28,426 - root - INFO - buffersize:18-Received:18nextseqno:18
2021-12-04 21:58:28,427 - root - INFO - writing 18
2021-12-04 21:58:28,427 - root - INFO - writing 19
2021-12-04 21:58:28,427 - root - INFO - writing 20
2021-12-04 21:58:28,427 - root - INFO - writing 21
2021-12-04 21:58:28,427 - root - INFO - writing 22
2021-12-04 21:58:28,427 - root - INFO - writing 23
2021-12-04 21:58:28,427 - root - INFO - writing 24
2021-12-04 21:58:28,427 - root - INFO - writing 25
2021-12-04 21:58:28,427 - root - INFO - writing 26
2021-12-04 21:58:28,427 - root - INFO - writing 27
2021-12-04 21:58:28,427 - root - INFO - writing 28
2021-12-04 21:58:28,428 - root - INFO - writing 29
2021-12-04 21:58:28,428 - root - INFO - writing 30
2021-12-04 21:58:28,428 - root - INFO - writing 31
2021-12-04 21:58:28,428 - root - INFO - writing 32
2021-12-04 21:58:28,428 - root - INFO - writing 33
2021-12-04 21:58:28,428 - root - INFO - writing 34
2021-12-04 21:58:28,428 - root - INFO - writing 35
2021-12-04 21:58:28,428 - root - INFO - writing 36
2021-12-04 21:58:28,428 - root - INFO - Received packet:
2021-12-04 21:58:28,428 - root - INFO - buffersize:0-Received:19nextseqno:37
2021-12-04 21:58:28,429 - root - INFO - Received packet:
2021-12-04 21:58:28,429 - root - INFO - buffersize:0-Received:20nextseqno:37
2021-12-04 21:58:28,429 - root - INFO - Received packet:
2021-12-04 21:58:28,429 - root - INFO - buffersize:0-Received:21nextseqno:37
2021-12-04 21:58:28,429 - root - INFO - Received packet:
2021-12-04 21:58:28,429 - root - INFO - buffersize:0-Received:22nextseqno:37
2021-12-04 21:58:28,429 - root - INFO - Received packet:
2021-12-04 21:58:28,429 - root - INFO - buffersize:0-Received:23nextseqno:37
2021-12-04 21:58:28,429 - root - INFO - Received packet:
2021-12-04 21:58:28,429 - root - INFO - buffersize:0-Received:24nextseqno:37
2021-12-04 21:58:28,429 - root - INFO - Received packet:
2021-12-04 21:58:28,429 - root - INFO - buffersize:0-Received:25nextseqno:37
2021-12-04 21:58:28,429 - root - INFO - Received packet:
2021-12-04 21:58:28,429 - root - INFO - buffersize:0-Received:27nextseqno:37
2021-12-04 21:58:28,429 - root - INFO - Received packet:
2021-12-04 21:58:28,430 - root - INFO - buffersize:0-Received:28nextseqno:37
2021-12-04 21:58:28,430 - root - INFO - Received packet:
2021-12-04 21:58:28,430 - root - INFO - buffersize:0-Received:29nextseqno:37
2021-12-04 21:58:28,430 - root - INFO - Received packet:
2021-12-04 21:58:28,430 - root - INFO - buffersize:0-Received:30nextseqno:37
2021-12-04 21:58:28,430 - root - INFO - Received packet:
2021-12-04 21:58:28,430 - root - INFO - buffersize:0-Received:31nextseqno:37
2021-12-04 21:58:28,431 - root - INFO - Received packet:
2021-12-04 21:58:28,431 - root - INFO - buffersize:0-Received:32nextseqno:37
2021-12-04 21:58:28,431 - root - INFO - Received packet:
2021-12-04 21:58:28,431 - root - INFO - buffersize:0-Received:33nextseqno:37
2021-12-04 21:58:28,431 - root - INFO - Received packet:
2021-12-04 21:58:28,431 - root - INFO - buffersize:0-Received:34nextseqno:37
2021-12-04 21:58:28,431 - root - INFO - Received packet:
2021-12-04 21:58:28,431 - root - INFO - buffersize:0-Received:35nextseqno:37
2021-12-04 21:58:28,431 - root - INFO - Received packet:
2021-12-04 21:58:28,431 - root - INFO - buffersize:0-Received:36nextseqno:37
2021-12-04 21:58:28,680 - root - INFO - timeout occured
2021-12-04 21:58:28,931 - root - INFO - timeout occured
2021-12-04 21:58:29,181 - root - INFO - timeout occured
2021-12-04 21:58:29,432 - root - INFO - timeout occured
2021-12-04 21:58:29,683 - root - INFO - timeout occured
2021-12-04 21:58:29,934 - root - INFO - timeout occured
2021-12-04 21:58:30,185 - root - INFO - timeout occured
2021-12-04 21:58:30,436 - root - INFO - timeout occured
2021-12-04 21:58:30,689 - root - INFO - timeout occured
2021-12-04 21:58:30,939 - root - INFO - timeout occured
2021-12-04 21:58:31,190 - root - INFO - timeout occured
2021-12-04 21:58:31,441 - root - INFO - timeout occured
2021-12-04 21:58:31,691 - root - INFO - timeout occured
